/BATCH  
/COM,ANSYS RELEASE 2020 R2           BUILD 20.2      UP20200601       16:30:30
/input,menust,tmp,''
/GRA,POWER
/GST,ON
/PLO,INFO,3
/GRO,CURL,ON
/CPLANE,1   
/REPLOT,RESIZE  
WPSTYLE,,,,,,,,0
/REPLOT,RESIZE  
/REPLOT,RESIZE  
/REPLOT,RESIZE  
main.mac
/COM,ANSYS RELEASE 2020 R2           BUILD 20.2      UP20200601       16:43:12
/SHOW,PNG,,0
PNGR,COMP,1,-1  
PNGR,ORIENT,HORIZ   
PNGR,COLOR,2
PNGR,TMOD,1 
/GFILE,1200,
!*  
/REPLOT 
/SHOW,CLOSE 
/DEVICE,VECTOR,0
!*  
main.mac
/COM,ANSYS RELEASE 2020 R2           BUILD 20.2      UP20200601       16:47:30
/DIST, 1 ,1.082226,1
/REP,FAST   
/DIST, 1 ,0.924021,1
/REP,FAST   
main.mac
/BATCH  
/COM,ANSYS RELEASE 2020 R2           BUILD 20.2      UP20200601       17:18:50
/input,menust,tmp,''
/GRA,POWER
/GST,ON
/PLO,INFO,3
/GRO,CURL,ON
/CPLANE,1   
/REPLOT,RESIZE  
WPSTYLE,,,,,,,,0
main.mac
/COM,ANSYS RELEASE 2020 R2           BUILD 20.2      UP20200601       17:19:00
/REPLOT,RESIZE  
FINISH  
! /EXIT,MODEL   
/BATCH  
/COM,ANSYS RELEASE 2020 R2           BUILD 20.2      UP20200601       01:46:18
/input,menust,tmp,''
/GRA,POWER
/GST,ON
/PLO,INFO,3
/GRO,CURL,ON
/CPLANE,1   
/REPLOT,RESIZE  
WPSTYLE,,,,,,,,0
main.mac
/COM,ANSYS RELEASE 2020 R2           BUILD 20.2      UP20200601       01:51:12
main.mac
/COM,ANSYS RELEASE 2020 R2           BUILD 20.2      UP20200601       02:39:32
main.mac
/COM,ANSYS RELEASE 2020 R2           BUILD 20.2      UP20200601       02:41:45
/REPLOT,RESIZE  
/DIST, 1 ,1.082226,1
/REP,FAST   
/DIST, 1 ,1.082226,1
/REP,FAST   
/DIST, 1 ,1.082226,1
/REP,FAST   
/DIST, 1 ,1.082226,1
/REP,FAST   
/DIST, 1 ,0.924021,1
/REP,FAST   
/DIST, 1 ,0.924021,1
/REP,FAST   
/DIST, 1 ,0.924021,1
/REP,FAST   
/DIST, 1 ,0.924021,1
/REP,FAST   
/DIST, 1 ,1.082226,1
/REP,FAST   
/DIST, 1 ,0.924021,1
/REP,FAST   
main.mac
/COM,ANSYS RELEASE 2020 R2           BUILD 20.2      UP20200601       12:40:23
main.mac
